****************** 2010/6/12 0:17:37 ******************
Category: Page
Source: Page
Type: Error

Exception Type: J.SLS.Common.Exceptions.FacadeException
Exception Source: 
Exception TargetSite: 
Exception Message: GetTopMenuList
Exception Data: 
null
Stack Trace: 

    Exception Type: J.SLS.Database.ORM.ORMException
    Exception Source: J.SLS.Database
    Exception TargetSite: System.Collections.Generic.IList`1[T] GetList[T](J.SLS.Database.ORM.Criteria, J.SLS.Database.ORM.SortInfo[])
    Exception Message: Select object list by criteria error, detail:
Criteria Info:
(ParentId IS NULL OR ParentId = )

Sort Info:
Order Field Number: 1
Index[Asc]


    Exception Data: 
    null
    Stack Trace: 
       在 J.SLS.Database.ORM.ObjectPersistence.GetList[T](Criteria criteria, SortInfo[] orderBy) 位置 D:\BB Docs\外水1-20100518\Src\J.SLS\J.SLS.Database\ORM\ObjectPersistence.cs:行号 225
   在 J.SkyMusic.DbFacade.Services.PageFacade.GetTopMenuList() 位置 D:\BB Docs\外水1-20100518\Src\站点\Src\J.SkyMusic.DbFacade\Services\PageFacade.cs:行号 72
        Exception Type: J.SLS.Database.DBAccess.DbAccessException
        Exception Source: J.SLS.Database
        Exception TargetSite: System.Data.DataTable DoGetDataTableByCommand(System.Data.Common.DbCommand)
        Exception Message: Get DataTable by command error.
Connection String: 
Type: System.Data.SqlClient.SqlCommand
Command Type: Text
Command Text: SELECT [PIndex],[IsInner],[IsListType],[InnerItemId],[OuterUrl],[ParentId],[IsNewWindow],[PLevel],[Id],[Name],[CreateTime],[LastUpdateTime] FROM [T_Page_Menus]
WHERE 1=1  AND (([ParentId] IS NULL  OR [ParentId]=@P1_EXP))
 ORDER BY [PIndex]

Transaction: None
Parameters: 1
[0]@P1_EXP(Input)String(0)
    Value: 


        Exception Data: 
        null
        Stack Trace: 
           在 J.SLS.Database.DBAccess.LHDBAccess.DoGetDataTableByCommand(DbCommand cmd) 位置 D:\BB Docs\外水1-20100518\Src\J.SLS\J.SLS.Database\DBAccess\LHDBAccess.cs:行号 260
   在 J.SLS.Database.DBAccess.LHDBAccess.GetDataTableByCommand(DbCommand cmd) 位置 D:\BB Docs\外水1-20100518\Src\J.SLS\J.SLS.Database\DBAccess\LHDBAccess.cs:行号 140
   在 J.SLS.Database.ORM.ObjectPersistence.GetList[T](Criteria criteria, SortInfo[] orderBy) 位置 D:\BB Docs\外水1-20100518\Src\J.SLS\J.SLS.Database\ORM\ObjectPersistence.cs:行号 214
            Exception Type: System.Data.SqlClient.SqlException
            Exception Source: .Net SqlClient Data Provider
            Exception TargetSite: Void OnError(System.Data.SqlClient.SqlException, Boolean)
            Exception Message: Invalid object name 'T_Page_Menus'.
            Exception Data: 
            HelpLink.ProdName=Microsoft SQL Server
            HelpLink.ProdVer=10.00.1600
            HelpLink.EvtSrc=MSSQLServer
            HelpLink.EvtID=208
            HelpLink.BaseHelpUrl=http://go.microsoft.com/fwlink
            HelpLink.LinkId=20476
            Stack Trace: 
               在 System.Data.SqlClient.SqlConnection.OnError(SqlException exception, Boolean breakConnection)
   在 System.Data.SqlClient.SqlInternalConnection.OnError(SqlException exception, Boolean breakConnection)
   在 System.Data.SqlClient.TdsParser.ThrowExceptionAndWarning(TdsParserStateObject stateObj)
   在 System.Data.SqlClient.TdsParser.Run(RunBehavior runBehavior, SqlCommand cmdHandler, SqlDataReader dataStream, BulkCopySimpleResultSet bulkCopyHandler, TdsParserStateObject stateObj)
   在 System.Data.SqlClient.SqlDataReader.ConsumeMetaData()
   在 System.Data.SqlClient.SqlDataReader.get_MetaData()
   在 System.Data.SqlClient.SqlCommand.FinishExecuteReader(SqlDataReader ds, RunBehavior runBehavior, String resetOptionsString)
   在 System.Data.SqlClient.SqlCommand.RunExecuteReaderTds(CommandBehavior cmdBehavior, RunBehavior runBehavior, Boolean returnStream, Boolean async)
   在 System.Data.SqlClient.SqlCommand.RunExecuteReader(CommandBehavior cmdBehavior, RunBehavior runBehavior, Boolean returnStream, String method, DbAsyncResult result)
   在 System.Data.SqlClient.SqlCommand.RunExecuteReader(CommandBehavior cmdBehavior, RunBehavior runBehavior, Boolean returnStream, String method)
   在 System.Data.SqlClient.SqlCommand.ExecuteReader(CommandBehavior behavior, String method)
   在 System.Data.SqlClient.SqlCommand.ExecuteDbDataReader(CommandBehavior behavior)
   在 System.Data.Common.DbCommand.System.Data.IDbCommand.ExecuteReader(CommandBehavior behavior)
   在 System.Data.Common.DbDataAdapter.FillInternal(DataSet dataset, DataTable[] datatables, Int32 startRecord, Int32 maxRecords, String srcTable, IDbCommand command, CommandBehavior behavior)
   在 System.Data.Common.DbDataAdapter.Fill(DataTable[] dataTables, Int32 startRecord, Int32 maxRecords, IDbCommand command, CommandBehavior behavior)
   在 System.Data.Common.DbDataAdapter.Fill(DataTable dataTable)
   在 J.SLS.Database.DBAccess.LHDBAccess.DoGetDataTableByCommand(DbCommand cmd) 位置 D:\BB Docs\外水1-20100518\Src\J.SLS\J.SLS.Database\DBAccess\LHDBAccess.cs:行号 255
                null




*****************END*******************


****************** 6/12/2010 4:13:12 PM ******************
Category: Page
Source: Page
Type: Error

Exception Type: J.SLS.Common.Exceptions.FacadeException
Exception Source: 
Exception TargetSite: 
Exception Message: GetTopMenuList
Exception Data: 
null
Stack Trace: 

    Exception Type: J.SLS.Database.ORM.ORMException
    Exception Source: J.SLS.Database
    Exception TargetSite: System.Collections.Generic.IList`1[T] GetList[T](J.SLS.Database.ORM.Criteria, J.SLS.Database.ORM.SortInfo[])
    Exception Message: Select object list by criteria error, detail:
Criteria Info:
(ParentId IS NULL OR ParentId = )

Sort Info:
Order Field Number: 1
Index[Asc]


    Exception Data: 
    null
    Stack Trace: 
       at J.SLS.Database.ORM.ObjectPersistence.GetList[T](Criteria criteria, SortInfo[] orderBy) in D:\TOP\taobao-shop-helper\J.SLS\J.SLS.Database\ORM\ObjectPersistence.cs:line 225
   at J.SkyMusic.DbFacade.Services.PageFacade.GetTopMenuList() in D:\TOP\taobao-shop-helper\站点\Src\J.SkyMusic.DbFacade\Services\PageFacade.cs:line 85
        Exception Type: System.Data.SqlClient.SqlException
        Exception Source: .Net SqlClient Data Provider
        Exception TargetSite: Void OnError(System.Data.SqlClient.SqlException, Boolean)
        Exception Message: Cannot open database "SkyMusic_Site" requested by the login. The login failed.
Login failed for user 'SOFT\zjy'.
        Exception Data: 
        HelpLink.ProdName=Microsoft SQL Server
        HelpLink.EvtSrc=MSSQLServer
        HelpLink.EvtID=4060
        HelpLink.BaseHelpUrl=http://go.microsoft.com/fwlink
        HelpLink.LinkId=20476
        Stack Trace: 
           at System.Data.SqlClient.SqlInternalConnection.OnError(SqlException exception, Boolean breakConnection)
   at System.Data.SqlClient.TdsParser.ThrowExceptionAndWarning(TdsParserStateObject stateObj)
   at System.Data.SqlClient.TdsParser.Run(RunBehavior runBehavior, SqlCommand cmdHandler, SqlDataReader dataStream, BulkCopySimpleResultSet bulkCopyHandler, TdsParserStateObject stateObj)
   at System.Data.SqlClient.SqlInternalConnectionTds.CompleteLogin(Boolean enlistOK)
   at System.Data.SqlClient.SqlInternalConnectionTds.AttemptOneLogin(ServerInfo serverInfo, String newPassword, Boolean ignoreSniOpenTimeout, Int64 timerExpire, SqlConnection owningObject)
   at System.Data.SqlClient.SqlInternalConnectionTds.LoginNoFailover(String host, String newPassword, Boolean redirectedUserInstance, SqlConnection owningObject, SqlConnectionString connectionOptions, Int64 timerStart)
   at System.Data.SqlClient.SqlInternalConnectionTds.OpenLoginEnlist(SqlConnection owningObject, SqlConnectionString connectionOptions, String newPassword, Boolean redirectedUserInstance)
   at System.Data.SqlClient.SqlInternalConnectionTds..ctor(DbConnectionPoolIdentity identity, SqlConnectionString connectionOptions, Object providerInfo, String newPassword, SqlConnection owningObject, Boolean redirectedUserInstance)
   at System.Data.SqlClient.SqlConnectionFactory.CreateConnection(DbConnectionOptions options, Object poolGroupProviderInfo, DbConnectionPool pool, DbConnection owningConnection)
   at System.Data.ProviderBase.DbConnectionFactory.CreatePooledConnection(DbConnection owningConnection, DbConnectionPool pool, DbConnectionOptions options)
   at System.Data.ProviderBase.DbConnectionPool.CreateObject(DbConnection owningObject)
   at System.Data.ProviderBase.DbConnectionPool.UserCreateRequest(DbConnection owningObject)
   at System.Data.ProviderBase.DbConnectionPool.GetConnection(DbConnection owningObject)
   at System.Data.ProviderBase.DbConnectionFactory.GetConnection(DbConnection owningConnection)
   at System.Data.ProviderBase.DbConnectionClosed.OpenConnection(DbConnection outerConnection, DbConnectionFactory connectionFactory)
   at System.Data.SqlClient.SqlConnection.Open()
   at J.SLS.Database.DBAccess.DbEngine.OpenDB(DbConnection dbConn, String connString) in D:\TOP\taobao-shop-helper\J.SLS\J.SLS.Database\DBAccess\DbEngine.cs:line 37
   at J.SLS.Database.DBAccess.DbEngine.CreateConnection() in D:\TOP\taobao-shop-helper\J.SLS\J.SLS.Database\DBAccess\DbEngine.cs:line 28
   at J.SLS.Database.DBAccess.DbEngine.Util.InitDbCommand(DbCommand cmd) in D:\TOP\taobao-shop-helper\J.SLS\J.SLS.Database\DBAccess\DbEngine.cs:line 201
   at J.SLS.Database.DBAccess.DbEngine.<>c__DisplayClass1.<InitDbCommand>b__0(Util item) in D:\TOP\taobao-shop-helper\J.SLS\J.SLS.Database\DBAccess\DbEngine.cs:line 77
   at J.SLS.Database.DBAccess.DbEngine.Util.DoAction(Action`1 action) in D:\TOP\taobao-shop-helper\J.SLS\J.SLS.Database\DBAccess\DbEngine.cs:line 148
   at J.SLS.Database.DBAccess.DbEngine.Util.DoAction(DbEngine db, Action`1 action) in D:\TOP\taobao-shop-helper\J.SLS\J.SLS.Database\DBAccess\DbEngine.cs:line 186
   at J.SLS.Database.DBAccess.DbEngine.InitDbCommand(DbCommand cmd) in D:\TOP\taobao-shop-helper\J.SLS\J.SLS.Database\DBAccess\DbEngine.cs:line 75
   at J.SLS.Database.DBAccess.LHDBAccess.CreateDbCommand() in D:\TOP\taobao-shop-helper\J.SLS\J.SLS.Database\DBAccess\LHDBAccess.cs:line 51
   at J.SLS.Database.ORM.DbCommandCreator.GetDbCommandByEntity(List`1 fieldPropertyList, Object entity) in D:\TOP\taobao-shop-helper\J.SLS\J.SLS.Database\ORM\DbCommandCreator\DbCommandCreator.cs:line 47
   at J.SLS.Database.ORM.SelectCommandCreator.GetDbCommand(Criteria criteria, SortInfo[] orderBy) in D:\TOP\taobao-shop-helper\J.SLS\J.SLS.Database\ORM\DbCommandCreator\SelectCommandCreator.cs:line 274
   at J.SLS.Database.ORM.SelectCommandCreator.GetDbCommand() in D:\TOP\taobao-shop-helper\J.SLS\J.SLS.Database\ORM\DbCommandCreator\SelectCommandCreator.cs:line 114
   at J.SLS.Database.ORM.ObjectPersistence.GetList[T](Criteria criteria, SortInfo[] orderBy) in D:\TOP\taobao-shop-helper\J.SLS\J.SLS.Database\ORM\ObjectPersistence.cs:line 213
            null



*****************END*******************


